<?xml version="1.0" encoding="UTF-8"?>
<testsuite xmlns:xsi="http://www.w3.org/2001/XMLSchema-instance" xsi:noNamespaceSchemaLocation="https://maven.apache.org/surefire/maven-surefire-plugin/xsd/surefire-test-report.xsd" name="com.miaoshaproject.AppTest" time="0.042" tests="1" errors="0" skipped="0" failures="0">
  <properties>
    <property name="sun.desktop" value="windows"/>
    <property name="awt.toolkit" value="sun.awt.windows.WToolkit"/>
    <property name="file.encoding.pkg" value="sun.io"/>
    <property name="java.specification.version" value="1.8"/>
    <property name="sun.cpu.isalist" value="amd64"/>
    <property name="sun.jnu.encoding" value="GBK"/>
    <property name="java.class.path" value="D:\codes\miaosha\target\test-classes;D:\codes\miaosha\target\classes;D:\tools\Maven\conf\repo\org\projectlombok\lombok\1.18.4\lombok-1.18.4.jar;D:\tools\Maven\conf\repo\org\springframework\boot\spring-boot-starter-web\2.0.5.RELEASE\spring-boot-starter-web-2.0.5.RELEASE.jar;D:\tools\Maven\conf\repo\org\springframework\boot\spring-boot-starter\2.0.5.RELEASE\spring-boot-starter-2.0.5.RELEASE.jar;D:\tools\Maven\conf\repo\org\springframework\boot\spring-boot\2.0.5.RELEASE\spring-boot-2.0.5.RELEASE.jar;D:\tools\Maven\conf\repo\org\springframework\boot\spring-boot-autoconfigure\2.0.5.RELEASE\spring-boot-autoconfigure-2.0.5.RELEASE.jar;D:\tools\Maven\conf\repo\org\springframework\boot\spring-boot-starter-logging\2.0.5.RELEASE\spring-boot-starter-logging-2.0.5.RELEASE.jar;D:\tools\Maven\conf\repo\ch\qos\logback\logback-classic\1.2.3\logback-classic-1.2.3.jar;D:\tools\Maven\conf\repo\ch\qos\logback\logback-core\1.2.3\logback-core-1.2.3.jar;D:\tools\Maven\conf\repo\org\apache\logging\log4j\log4j-to-slf4j\2.10.0\log4j-to-slf4j-2.10.0.jar;D:\tools\Maven\conf\repo\org\apache\logging\log4j\log4j-api\2.10.0\log4j-api-2.10.0.jar;D:\tools\Maven\conf\repo\org\slf4j\jul-to-slf4j\1.7.25\jul-to-slf4j-1.7.25.jar;D:\tools\Maven\conf\repo\javax\annotation\javax.annotation-api\1.3.2\javax.annotation-api-1.3.2.jar;D:\tools\Maven\conf\repo\org\springframework\spring-core\5.0.9.RELEASE\spring-core-5.0.9.RELEASE.jar;D:\tools\Maven\conf\repo\org\yaml\snakeyaml\1.19\snakeyaml-1.19.jar;D:\tools\Maven\conf\repo\org\springframework\boot\spring-boot-starter-json\2.0.5.RELEASE\spring-boot-starter-json-2.0.5.RELEASE.jar;D:\tools\Maven\conf\repo\com\fasterxml\jackson\core\jackson-databind\2.9.6\jackson-databind-2.9.6.jar;D:\tools\Maven\conf\repo\com\fasterxml\jackson\core\jackson-core\2.9.6\jackson-core-2.9.6.jar;D:\tools\Maven\conf\repo\com\fasterxml\jackson\datatype\jackson-datatype-jdk8\2.9.6\jackson-datatype-jdk8-2.9.6.jar;D:\tools\Maven\conf\repo\com\fasterxml\jackson\datatype\jackson-datatype-jsr310\2.9.6\jackson-datatype-jsr310-2.9.6.jar;D:\tools\Maven\conf\repo\com\fasterxml\jackson\module\jackson-module-parameter-names\2.9.6\jackson-module-parameter-names-2.9.6.jar;D:\tools\Maven\conf\repo\org\springframework\boot\spring-boot-starter-tomcat\2.0.5.RELEASE\spring-boot-starter-tomcat-2.0.5.RELEASE.jar;D:\tools\Maven\conf\repo\org\apache\tomcat\embed\tomcat-embed-core\8.5.34\tomcat-embed-core-8.5.34.jar;D:\tools\Maven\conf\repo\org\apache\tomcat\embed\tomcat-embed-el\8.5.34\tomcat-embed-el-8.5.34.jar;D:\tools\Maven\conf\repo\org\apache\tomcat\embed\tomcat-embed-websocket\8.5.34\tomcat-embed-websocket-8.5.34.jar;D:\tools\Maven\conf\repo\org\hibernate\validator\hibernate-validator\6.0.12.Final\hibernate-validator-6.0.12.Final.jar;D:\tools\Maven\conf\repo\org\springframework\spring-web\5.0.9.RELEASE\spring-web-5.0.9.RELEASE.jar;D:\tools\Maven\conf\repo\org\springframework\spring-beans\5.0.9.RELEASE\spring-beans-5.0.9.RELEASE.jar;D:\tools\Maven\conf\repo\org\springframework\spring-webmvc\5.0.9.RELEASE\spring-webmvc-5.0.9.RELEASE.jar;D:\tools\Maven\conf\repo\org\springframework\spring-aop\5.0.9.RELEASE\spring-aop-5.0.9.RELEASE.jar;D:\tools\Maven\conf\repo\org\springframework\spring-context\5.0.9.RELEASE\spring-context-5.0.9.RELEASE.jar;D:\tools\Maven\conf\repo\org\springframework\spring-expression\5.0.9.RELEASE\spring-expression-5.0.9.RELEASE.jar;D:\tools\Maven\conf\repo\mysql\mysql-connector-java\5.1.41\mysql-connector-java-5.1.41.jar;D:\tools\Maven\conf\repo\com\alibaba\druid\1.1.3\druid-1.1.3.jar;D:\tools\Java\jdk1.8.0_151\jre\..\lib\jconsole.jar;D:\tools\Java\jdk1.8.0_151\jre\..\lib\tools.jar;D:\tools\Maven\conf\repo\org\mybatis\spring\boot\mybatis-spring-boot-starter\1.3.1\mybatis-spring-boot-starter-1.3.1.jar;D:\tools\Maven\conf\repo\org\springframework\boot\spring-boot-starter-jdbc\2.0.5.RELEASE\spring-boot-starter-jdbc-2.0.5.RELEASE.jar;D:\tools\Maven\conf\repo\com\zaxxer\HikariCP\2.7.9\HikariCP-2.7.9.jar;D:\tools\Maven\conf\repo\org\springframework\spring-jdbc\5.0.9.RELEASE\spring-jdbc-5.0.9.RELEASE.jar;D:\tools\Maven\conf\repo\org\mybatis\spring\boot\mybatis-spring-boot-autoconfigure\1.3.1\mybatis-spring-boot-autoconfigure-1.3.1.jar;D:\tools\Maven\conf\repo\org\mybatis\mybatis\3.4.5\mybatis-3.4.5.jar;D:\tools\Maven\conf\repo\org\mybatis\mybatis-spring\1.3.1\mybatis-spring-1.3.1.jar;D:\tools\Maven\conf\repo\junit\junit\4.11\junit-4.11.jar;D:\tools\Maven\conf\repo\org\hamcrest\hamcrest-core\1.3\hamcrest-core-1.3.jar;D:\tools\Maven\conf\repo\com\baomidou\mybatis-plus\3.0.5\mybatis-plus-3.0.5.jar;D:\tools\Maven\conf\repo\com\baomidou\mybatis-plus-extension\3.0.5\mybatis-plus-extension-3.0.5.jar;D:\tools\Maven\conf\repo\com\baomidou\mybatis-plus-core\3.0.5\mybatis-plus-core-3.0.5.jar;D:\tools\Maven\conf\repo\com\baomidou\mybatis-plus-annotation\3.0.5\mybatis-plus-annotation-3.0.5.jar;D:\tools\Maven\conf\repo\com\github\jsqlparser\jsqlparser\1.2\jsqlparser-1.2.jar;D:\tools\Maven\conf\repo\com\baomidou\mybatis-plus-generator\3.0.5\mybatis-plus-generator-3.0.5.jar;D:\tools\Maven\conf\repo\p6spy\p6spy\3.7.0\p6spy-3.7.0.jar;D:\tools\Maven\conf\repo\org\hibernate\hibernate-validator\5.2.4.Final\hibernate-validator-5.2.4.Final.jar;D:\tools\Maven\conf\repo\javax\validation\validation-api\2.0.1.Final\validation-api-2.0.1.Final.jar;D:\tools\Maven\conf\repo\org\jboss\logging\jboss-logging\3.3.2.Final\jboss-logging-3.3.2.Final.jar;D:\tools\Maven\conf\repo\com\fasterxml\classmate\1.3.4\classmate-1.3.4.jar;D:\tools\Maven\conf\repo\org\apache\commons\commons-lang3\3.7\commons-lang3-3.7.jar;D:\tools\Maven\conf\repo\joda-time\joda-time\2.9.1\joda-time-2.9.1.jar;D:\tools\Maven\conf\repo\io\springfox\springfox-swagger2\2.5.0\springfox-swagger2-2.5.0.jar;D:\tools\Maven\conf\repo\io\swagger\swagger-annotations\1.5.9\swagger-annotations-1.5.9.jar;D:\tools\Maven\conf\repo\io\swagger\swagger-models\1.5.9\swagger-models-1.5.9.jar;D:\tools\Maven\conf\repo\com\fasterxml\jackson\core\jackson-annotations\2.9.0\jackson-annotations-2.9.0.jar;D:\tools\Maven\conf\repo\io\springfox\springfox-spi\2.5.0\springfox-spi-2.5.0.jar;D:\tools\Maven\conf\repo\io\springfox\springfox-core\2.5.0\springfox-core-2.5.0.jar;D:\tools\Maven\conf\repo\io\springfox\springfox-schema\2.5.0\springfox-schema-2.5.0.jar;D:\tools\Maven\conf\repo\io\springfox\springfox-swagger-common\2.5.0\springfox-swagger-common-2.5.0.jar;D:\tools\Maven\conf\repo\io\springfox\springfox-spring-web\2.5.0\springfox-spring-web-2.5.0.jar;D:\tools\Maven\conf\repo\com\google\guava\guava\18.0\guava-18.0.jar;D:\tools\Maven\conf\repo\org\springframework\plugin\spring-plugin-core\1.2.0.RELEASE\spring-plugin-core-1.2.0.RELEASE.jar;D:\tools\Maven\conf\repo\org\springframework\plugin\spring-plugin-metadata\1.2.0.RELEASE\spring-plugin-metadata-1.2.0.RELEASE.jar;D:\tools\Maven\conf\repo\org\mapstruct\mapstruct\1.0.0.Final\mapstruct-1.0.0.Final.jar;D:\tools\Maven\conf\repo\io\springfox\springfox-swagger-ui\2.5.0\springfox-swagger-ui-2.5.0.jar;D:\tools\Maven\conf\repo\log4j\log4j\1.2.17\log4j-1.2.17.jar;D:\tools\Maven\conf\repo\org\slf4j\slf4j-api\1.7.25\slf4j-api-1.7.25.jar;D:\tools\Maven\conf\repo\org\slf4j\slf4j-log4j12\1.7.25\slf4j-log4j12-1.7.25.jar;D:\tools\Maven\conf\repo\org\springframework\boot\spring-boot-starter-data-redis\2.0.5.RELEASE\spring-boot-starter-data-redis-2.0.5.RELEASE.jar;D:\tools\Maven\conf\repo\org\springframework\data\spring-data-redis\2.0.10.RELEASE\spring-data-redis-2.0.10.RELEASE.jar;D:\tools\Maven\conf\repo\org\springframework\data\spring-data-keyvalue\2.0.10.RELEASE\spring-data-keyvalue-2.0.10.RELEASE.jar;D:\tools\Maven\conf\repo\org\springframework\data\spring-data-commons\2.0.10.RELEASE\spring-data-commons-2.0.10.RELEASE.jar;D:\tools\Maven\conf\repo\org\springframework\spring-tx\5.0.9.RELEASE\spring-tx-5.0.9.RELEASE.jar;D:\tools\Maven\conf\repo\org\springframework\spring-oxm\5.0.9.RELEASE\spring-oxm-5.0.9.RELEASE.jar;D:\tools\Maven\conf\repo\org\springframework\spring-context-support\5.0.9.RELEASE\spring-context-support-5.0.9.RELEASE.jar;D:\tools\Maven\conf\repo\io\lettuce\lettuce-core\5.0.5.RELEASE\lettuce-core-5.0.5.RELEASE.jar;D:\tools\Maven\conf\repo\io\projectreactor\reactor-core\3.1.9.RELEASE\reactor-core-3.1.9.RELEASE.jar;D:\tools\Maven\conf\repo\org\reactivestreams\reactive-streams\1.0.2\reactive-streams-1.0.2.jar;D:\tools\Maven\conf\repo\io\netty\netty-common\4.1.29.Final\netty-common-4.1.29.Final.jar;D:\tools\Maven\conf\repo\io\netty\netty-transport\4.1.29.Final\netty-transport-4.1.29.Final.jar;D:\tools\Maven\conf\repo\io\netty\netty-buffer\4.1.29.Final\netty-buffer-4.1.29.Final.jar;D:\tools\Maven\conf\repo\io\netty\netty-resolver\4.1.29.Final\netty-resolver-4.1.29.Final.jar;D:\tools\Maven\conf\repo\io\netty\netty-handler\4.1.29.Final\netty-handler-4.1.29.Final.jar;D:\tools\Maven\conf\repo\io\netty\netty-codec\4.1.29.Final\netty-codec-4.1.29.Final.jar;D:\tools\Maven\conf\repo\org\springframework\session\spring-session-data-redis\2.0.5.RELEASE\spring-session-data-redis-2.0.5.RELEASE.jar;D:\tools\Maven\conf\repo\org\springframework\session\spring-session-core\2.0.6.RELEASE\spring-session-core-2.0.6.RELEASE.jar;D:\tools\Maven\conf\repo\org\springframework\spring-jcl\5.0.9.RELEASE\spring-jcl-5.0.9.RELEASE.jar;"/>
    <property name="java.vm.vendor" value="Oracle Corporation"/>
    <property name="sun.arch.data.model" value="64"/>
    <property name="user.variant" value=""/>
    <property name="java.vendor.url" value="http://java.oracle.com/"/>
    <property name="user.timezone" value=""/>
    <property name="java.vm.specification.version" value="1.8"/>
    <property name="os.name" value="Windows 10"/>
    <property name="user.country" value="CN"/>
    <property name="sun.java.launcher" value="SUN_STANDARD"/>
    <property name="sun.boot.library.path" value="D:\tools\Java\jdk1.8.0_151\jre\bin"/>
    <property name="sun.java.command" value="C:\Users\15831\AppData\Local\Temp\surefire2947825585849249329\surefirebooter5524069808406546162.jar C:\Users\15831\AppData\Local\Temp\surefire2947825585849249329 2019-08-28T07-31-19_862-jvmRun1 surefire2846100174850453595tmp surefire_01780179168068533159tmp"/>
    <property name="surefire.test.class.path" value="D:\codes\miaosha\target\test-classes;D:\codes\miaosha\target\classes;D:\tools\Maven\conf\repo\org\projectlombok\lombok\1.18.4\lombok-1.18.4.jar;D:\tools\Maven\conf\repo\org\springframework\boot\spring-boot-starter-web\2.0.5.RELEASE\spring-boot-starter-web-2.0.5.RELEASE.jar;D:\tools\Maven\conf\repo\org\springframework\boot\spring-boot-starter\2.0.5.RELEASE\spring-boot-starter-2.0.5.RELEASE.jar;D:\tools\Maven\conf\repo\org\springframework\boot\spring-boot\2.0.5.RELEASE\spring-boot-2.0.5.RELEASE.jar;D:\tools\Maven\conf\repo\org\springframework\boot\spring-boot-autoconfigure\2.0.5.RELEASE\spring-boot-autoconfigure-2.0.5.RELEASE.jar;D:\tools\Maven\conf\repo\org\springframework\boot\spring-boot-starter-logging\2.0.5.RELEASE\spring-boot-starter-logging-2.0.5.RELEASE.jar;D:\tools\Maven\conf\repo\ch\qos\logback\logback-classic\1.2.3\logback-classic-1.2.3.jar;D:\tools\Maven\conf\repo\ch\qos\logback\logback-core\1.2.3\logback-core-1.2.3.jar;D:\tools\Maven\conf\repo\org\apache\logging\log4j\log4j-to-slf4j\2.10.0\log4j-to-slf4j-2.10.0.jar;D:\tools\Maven\conf\repo\org\apache\logging\log4j\log4j-api\2.10.0\log4j-api-2.10.0.jar;D:\tools\Maven\conf\repo\org\slf4j\jul-to-slf4j\1.7.25\jul-to-slf4j-1.7.25.jar;D:\tools\Maven\conf\repo\javax\annotation\javax.annotation-api\1.3.2\javax.annotation-api-1.3.2.jar;D:\tools\Maven\conf\repo\org\springframework\spring-core\5.0.9.RELEASE\spring-core-5.0.9.RELEASE.jar;D:\tools\Maven\conf\repo\org\yaml\snakeyaml\1.19\snakeyaml-1.19.jar;D:\tools\Maven\conf\repo\org\springframework\boot\spring-boot-starter-json\2.0.5.RELEASE\spring-boot-starter-json-2.0.5.RELEASE.jar;D:\tools\Maven\conf\repo\com\fasterxml\jackson\core\jackson-databind\2.9.6\jackson-databind-2.9.6.jar;D:\tools\Maven\conf\repo\com\fasterxml\jackson\core\jackson-core\2.9.6\jackson-core-2.9.6.jar;D:\tools\Maven\conf\repo\com\fasterxml\jackson\datatype\jackson-datatype-jdk8\2.9.6\jackson-datatype-jdk8-2.9.6.jar;D:\tools\Maven\conf\repo\com\fasterxml\jackson\datatype\jackson-datatype-jsr310\2.9.6\jackson-datatype-jsr310-2.9.6.jar;D:\tools\Maven\conf\repo\com\fasterxml\jackson\module\jackson-module-parameter-names\2.9.6\jackson-module-parameter-names-2.9.6.jar;D:\tools\Maven\conf\repo\org\springframework\boot\spring-boot-starter-tomcat\2.0.5.RELEASE\spring-boot-starter-tomcat-2.0.5.RELEASE.jar;D:\tools\Maven\conf\repo\org\apache\tomcat\embed\tomcat-embed-core\8.5.34\tomcat-embed-core-8.5.34.jar;D:\tools\Maven\conf\repo\org\apache\tomcat\embed\tomcat-embed-el\8.5.34\tomcat-embed-el-8.5.34.jar;D:\tools\Maven\conf\repo\org\apache\tomcat\embed\tomcat-embed-websocket\8.5.34\tomcat-embed-websocket-8.5.34.jar;D:\tools\Maven\conf\repo\org\hibernate\validator\hibernate-validator\6.0.12.Final\hibernate-validator-6.0.12.Final.jar;D:\tools\Maven\conf\repo\org\springframework\spring-web\5.0.9.RELEASE\spring-web-5.0.9.RELEASE.jar;D:\tools\Maven\conf\repo\org\springframework\spring-beans\5.0.9.RELEASE\spring-beans-5.0.9.RELEASE.jar;D:\tools\Maven\conf\repo\org\springframework\spring-webmvc\5.0.9.RELEASE\spring-webmvc-5.0.9.RELEASE.jar;D:\tools\Maven\conf\repo\org\springframework\spring-aop\5.0.9.RELEASE\spring-aop-5.0.9.RELEASE.jar;D:\tools\Maven\conf\repo\org\springframework\spring-context\5.0.9.RELEASE\spring-context-5.0.9.RELEASE.jar;D:\tools\Maven\conf\repo\org\springframework\spring-expression\5.0.9.RELEASE\spring-expression-5.0.9.RELEASE.jar;D:\tools\Maven\conf\repo\mysql\mysql-connector-java\5.1.41\mysql-connector-java-5.1.41.jar;D:\tools\Maven\conf\repo\com\alibaba\druid\1.1.3\druid-1.1.3.jar;D:\tools\Java\jdk1.8.0_151\jre\..\lib\jconsole.jar;D:\tools\Java\jdk1.8.0_151\jre\..\lib\tools.jar;D:\tools\Maven\conf\repo\org\mybatis\spring\boot\mybatis-spring-boot-starter\1.3.1\mybatis-spring-boot-starter-1.3.1.jar;D:\tools\Maven\conf\repo\org\springframework\boot\spring-boot-starter-jdbc\2.0.5.RELEASE\spring-boot-starter-jdbc-2.0.5.RELEASE.jar;D:\tools\Maven\conf\repo\com\zaxxer\HikariCP\2.7.9\HikariCP-2.7.9.jar;D:\tools\Maven\conf\repo\org\springframework\spring-jdbc\5.0.9.RELEASE\spring-jdbc-5.0.9.RELEASE.jar;D:\tools\Maven\conf\repo\org\mybatis\spring\boot\mybatis-spring-boot-autoconfigure\1.3.1\mybatis-spring-boot-autoconfigure-1.3.1.jar;D:\tools\Maven\conf\repo\org\mybatis\mybatis\3.4.5\mybatis-3.4.5.jar;D:\tools\Maven\conf\repo\org\mybatis\mybatis-spring\1.3.1\mybatis-spring-1.3.1.jar;D:\tools\Maven\conf\repo\junit\junit\4.11\junit-4.11.jar;D:\tools\Maven\conf\repo\org\hamcrest\hamcrest-core\1.3\hamcrest-core-1.3.jar;D:\tools\Maven\conf\repo\com\baomidou\mybatis-plus\3.0.5\mybatis-plus-3.0.5.jar;D:\tools\Maven\conf\repo\com\baomidou\mybatis-plus-extension\3.0.5\mybatis-plus-extension-3.0.5.jar;D:\tools\Maven\conf\repo\com\baomidou\mybatis-plus-core\3.0.5\mybatis-plus-core-3.0.5.jar;D:\tools\Maven\conf\repo\com\baomidou\mybatis-plus-annotation\3.0.5\mybatis-plus-annotation-3.0.5.jar;D:\tools\Maven\conf\repo\com\github\jsqlparser\jsqlparser\1.2\jsqlparser-1.2.jar;D:\tools\Maven\conf\repo\com\baomidou\mybatis-plus-generator\3.0.5\mybatis-plus-generator-3.0.5.jar;D:\tools\Maven\conf\repo\p6spy\p6spy\3.7.0\p6spy-3.7.0.jar;D:\tools\Maven\conf\repo\org\hibernate\hibernate-validator\5.2.4.Final\hibernate-validator-5.2.4.Final.jar;D:\tools\Maven\conf\repo\javax\validation\validation-api\2.0.1.Final\validation-api-2.0.1.Final.jar;D:\tools\Maven\conf\repo\org\jboss\logging\jboss-logging\3.3.2.Final\jboss-logging-3.3.2.Final.jar;D:\tools\Maven\conf\repo\com\fasterxml\classmate\1.3.4\classmate-1.3.4.jar;D:\tools\Maven\conf\repo\org\apache\commons\commons-lang3\3.7\commons-lang3-3.7.jar;D:\tools\Maven\conf\repo\joda-time\joda-time\2.9.1\joda-time-2.9.1.jar;D:\tools\Maven\conf\repo\io\springfox\springfox-swagger2\2.5.0\springfox-swagger2-2.5.0.jar;D:\tools\Maven\conf\repo\io\swagger\swagger-annotations\1.5.9\swagger-annotations-1.5.9.jar;D:\tools\Maven\conf\repo\io\swagger\swagger-models\1.5.9\swagger-models-1.5.9.jar;D:\tools\Maven\conf\repo\com\fasterxml\jackson\core\jackson-annotations\2.9.0\jackson-annotations-2.9.0.jar;D:\tools\Maven\conf\repo\io\springfox\springfox-spi\2.5.0\springfox-spi-2.5.0.jar;D:\tools\Maven\conf\repo\io\springfox\springfox-core\2.5.0\springfox-core-2.5.0.jar;D:\tools\Maven\conf\repo\io\springfox\springfox-schema\2.5.0\springfox-schema-2.5.0.jar;D:\tools\Maven\conf\repo\io\springfox\springfox-swagger-common\2.5.0\springfox-swagger-common-2.5.0.jar;D:\tools\Maven\conf\repo\io\springfox\springfox-spring-web\2.5.0\springfox-spring-web-2.5.0.jar;D:\tools\Maven\conf\repo\com\google\guava\guava\18.0\guava-18.0.jar;D:\tools\Maven\conf\repo\org\springframework\plugin\spring-plugin-core\1.2.0.RELEASE\spring-plugin-core-1.2.0.RELEASE.jar;D:\tools\Maven\conf\repo\org\springframework\plugin\spring-plugin-metadata\1.2.0.RELEASE\spring-plugin-metadata-1.2.0.RELEASE.jar;D:\tools\Maven\conf\repo\org\mapstruct\mapstruct\1.0.0.Final\mapstruct-1.0.0.Final.jar;D:\tools\Maven\conf\repo\io\springfox\springfox-swagger-ui\2.5.0\springfox-swagger-ui-2.5.0.jar;D:\tools\Maven\conf\repo\log4j\log4j\1.2.17\log4j-1.2.17.jar;D:\tools\Maven\conf\repo\org\slf4j\slf4j-api\1.7.25\slf4j-api-1.7.25.jar;D:\tools\Maven\conf\repo\org\slf4j\slf4j-log4j12\1.7.25\slf4j-log4j12-1.7.25.jar;D:\tools\Maven\conf\repo\org\springframework\boot\spring-boot-starter-data-redis\2.0.5.RELEASE\spring-boot-starter-data-redis-2.0.5.RELEASE.jar;D:\tools\Maven\conf\repo\org\springframework\data\spring-data-redis\2.0.10.RELEASE\spring-data-redis-2.0.10.RELEASE.jar;D:\tools\Maven\conf\repo\org\springframework\data\spring-data-keyvalue\2.0.10.RELEASE\spring-data-keyvalue-2.0.10.RELEASE.jar;D:\tools\Maven\conf\repo\org\springframework\data\spring-data-commons\2.0.10.RELEASE\spring-data-commons-2.0.10.RELEASE.jar;D:\tools\Maven\conf\repo\org\springframework\spring-tx\5.0.9.RELEASE\spring-tx-5.0.9.RELEASE.jar;D:\tools\Maven\conf\repo\org\springframework\spring-oxm\5.0.9.RELEASE\spring-oxm-5.0.9.RELEASE.jar;D:\tools\Maven\conf\repo\org\springframework\spring-context-support\5.0.9.RELEASE\spring-context-support-5.0.9.RELEASE.jar;D:\tools\Maven\conf\repo\io\lettuce\lettuce-core\5.0.5.RELEASE\lettuce-core-5.0.5.RELEASE.jar;D:\tools\Maven\conf\repo\io\projectreactor\reactor-core\3.1.9.RELEASE\reactor-core-3.1.9.RELEASE.jar;D:\tools\Maven\conf\repo\org\reactivestreams\reactive-streams\1.0.2\reactive-streams-1.0.2.jar;D:\tools\Maven\conf\repo\io\netty\netty-common\4.1.29.Final\netty-common-4.1.29.Final.jar;D:\tools\Maven\conf\repo\io\netty\netty-transport\4.1.29.Final\netty-transport-4.1.29.Final.jar;D:\tools\Maven\conf\repo\io\netty\netty-buffer\4.1.29.Final\netty-buffer-4.1.29.Final.jar;D:\tools\Maven\conf\repo\io\netty\netty-resolver\4.1.29.Final\netty-resolver-4.1.29.Final.jar;D:\tools\Maven\conf\repo\io\netty\netty-handler\4.1.29.Final\netty-handler-4.1.29.Final.jar;D:\tools\Maven\conf\repo\io\netty\netty-codec\4.1.29.Final\netty-codec-4.1.29.Final.jar;D:\tools\Maven\conf\repo\org\springframework\session\spring-session-data-redis\2.0.5.RELEASE\spring-session-data-redis-2.0.5.RELEASE.jar;D:\tools\Maven\conf\repo\org\springframework\session\spring-session-core\2.0.6.RELEASE\spring-session-core-2.0.6.RELEASE.jar;D:\tools\Maven\conf\repo\org\springframework\spring-jcl\5.0.9.RELEASE\spring-jcl-5.0.9.RELEASE.jar;"/>
    <property name="sun.cpu.endian" value="little"/>
    <property name="user.home" value="C:\Users\15831"/>
    <property name="user.language" value="zh"/>
    <property name="java.specification.vendor" value="Oracle Corporation"/>
    <property name="java.home" value="D:\tools\Java\jdk1.8.0_151\jre"/>
    <property name="basedir" value="D:\codes\miaosha"/>
    <property name="file.separator" value="\"/>
    <property name="line.separator" value="&#10;"/>
    <property name="java.vm.specification.vendor" value="Oracle Corporation"/>
    <property name="java.specification.name" value="Java Platform API Specification"/>
    <property name="java.awt.graphicsenv" value="sun.awt.Win32GraphicsEnvironment"/>
    <property name="surefire.real.class.path" value="C:\Users\15831\AppData\Local\Temp\surefire2947825585849249329\surefirebooter5524069808406546162.jar"/>
    <property name="sun.boot.class.path" value="D:\tools\Java\jdk1.8.0_151\jre\lib\resources.jar;D:\tools\Java\jdk1.8.0_151\jre\lib\rt.jar;D:\tools\Java\jdk1.8.0_151\jre\lib\sunrsasign.jar;D:\tools\Java\jdk1.8.0_151\jre\lib\jsse.jar;D:\tools\Java\jdk1.8.0_151\jre\lib\jce.jar;D:\tools\Java\jdk1.8.0_151\jre\lib\charsets.jar;D:\tools\Java\jdk1.8.0_151\jre\lib\jfr.jar;D:\tools\Java\jdk1.8.0_151\jre\classes"/>
    <property name="user.script" value=""/>
    <property name="sun.management.compiler" value="HotSpot 64-Bit Tiered Compilers"/>
    <property name="java.runtime.version" value="1.8.0_151-b12"/>
    <property name="user.name" value="15831"/>
    <property name="path.separator" value=";"/>
    <property name="os.version" value="10.0"/>
    <property name="java.endorsed.dirs" value="D:\tools\Java\jdk1.8.0_151\jre\lib\endorsed"/>
    <property name="java.runtime.name" value="Java(TM) SE Runtime Environment"/>
    <property name="file.encoding" value="GBK"/>
    <property name="java.vm.name" value="Java HotSpot(TM) 64-Bit Server VM"/>
    <property name="localRepository" value="D:\tools\Maven\conf\repo"/>
    <property name="java.vendor.url.bug" value="http://bugreport.sun.com/bugreport/"/>
    <property name="java.io.tmpdir" value="C:\Users\15831\AppData\Local\Temp\"/>
    <property name="idea.version" value="2017.1"/>
    <property name="java.version" value="1.8.0_151"/>
    <property name="user.dir" value="D:\codes\miaosha"/>
    <property name="os.arch" value="amd64"/>
    <property name="java.vm.specification.name" value="Java Virtual Machine Specification"/>
    <property name="java.awt.printerjob" value="sun.awt.windows.WPrinterJob"/>
    <property name="sun.os.patch.level" value=""/>
    <property name="java.library.path" value="D:\tools\Java\jdk1.8.0_151\jre\bin;C:\Windows\Sun\Java\bin;C:\Windows\system32;C:\Windows;D:\tools\Java\jdk1.8.0_151\jre\bin;C:\ProgramData\Oracle\Java\javapath;C:\Windows\system32;C:\Windows;C:\Windows\System32\Wbem;C:\Windows\System32\WindowsPowerShell\v1.0\;C:\Windows\System32\OpenSSH\;C:\Program Files\Git\cmd;C:\Program Files\TortoiseGit\bin;D:\tools\TortoiseSVN\TortoiseSvn\bin;D:\tools\SvnServer\bin;C:\Windows\system32\config\systemprofile\.dnx\bin;C:\Program Files\Microsoft DNX\Dnvm\;C:\Program Files\Microsoft SQL Server\130\Tools\Binn\;C:\Program Files\nodejs\;E:\tools\Jemeter\apache-jmeter-5.1.1\bin;D:\tools\Java\jdk1.8.0_151\bin;C:\Users\15831\AppData\Local\Microsoft\WindowsApps;D:\tools\Maven\bin;D:\tools\Java\jdk1.8.0_151\bin;C:\Users\15831\AppData\Roaming\npm;;."/>
    <property name="java.vm.info" value="mixed mode"/>
    <property name="java.vendor" value="Oracle Corporation"/>
    <property name="java.vm.version" value="25.151-b12"/>
    <property name="java.ext.dirs" value="D:\tools\Java\jdk1.8.0_151\jre\lib\ext;C:\Windows\Sun\Java\lib\ext"/>
    <property name="sun.io.unicode.encoding" value="UnicodeLittle"/>
    <property name="maven.repo.local" value="D:\tools\Maven\conf\repo"/>
    <property name="java.class.version" value="52.0"/>
  </properties>
  <testcase name="shouldAnswerWithTrue" classname="com.miaoshaproject.AppTest" time="0.002"/>
</testsuite>